# JRE version: Java(TM) SE Runtime Environment (17.0.12+8) (build 17.0.12+8-LTS-286)
# Java VM: Java HotSpot(TM) 64-Bit Server VM (17.0.12+8-LTS-286, mixed mode, emulated-client, sharing, tiered, compressed oops, compressed class ptrs, g1 gc, windows-amd64)
GC Precious Log:
 CPUs: 16 total, 16 available
 Memory: 16024M
 Large Page Support: Disabled
 NUMA Support: Disabled
 Compressed Oops: Enabled (Zero based)
 Heap Region Size: 2M
 Heap Min Capacity: 8M
 Heap Initial Capacity: 252M
 Heap Max Capacity: 4008M
 Pre-touch: Disabled
 Parallel Workers: 13
 Concurrent Workers: 3
 Concurrent Refinement Workers: 13
 Periodic GC: Disabled
Heap:
 garbage-first heap   total 157696K, used 99436K [0x0000000705800000, 0x0000000800000000)
  region size 2048K, 27 young (55296K), 4 survivors (8192K)
 Metaspace       used 91960K, committed 92672K, reserved 1179648K
  class space    used 12357K, committed 12736K, reserved 1048576K
GC Heap History (20 events):
Event: 359.643 GC heap before
{Heap before GC invocations=53 (full 5):
 garbage-first heap   total 172032K, used 122384K [0x0000000705800000, 0x0000000800000000)
  region size 2048K, 40 young (81920K), 4 survivors (8192K)
 Metaspace       used 87395K, committed 88064K, reserved 1179648K
  class space    used 12005K, committed 12352K, reserved 1048576K
}
Event: 359.701 GC heap after
{Heap after GC invocations=54 (full 6):
 garbage-first heap   total 157696K, used 40485K [0x0000000705800000, 0x0000000800000000)
  region size 2048K, 0 young (0K), 0 survivors (0K)
 Metaspace       used 87373K, committed 88064K, reserved 1179648K
  class space    used 12001K, committed 12352K, reserved 1048576K
}
Event: 360.616 GC heap before
{Heap before GC invocations=54 (full 6):
 garbage-first heap   total 157696K, used 122405K [0x0000000705800000, 0x0000000800000000)
  region size 2048K, 40 young (81920K), 0 survivors (0K)
 Metaspace       used 88204K, committed 88896K, reserved 1179648K
  class space    used 12077K, committed 12416K, reserved 1048576K
}
Event: 360.620 GC heap after
{Heap after GC invocations=55 (full 6):
 garbage-first heap   total 157696K, used 47367K [0x0000000705800000, 0x0000000800000000)
  region size 2048K, 4 young (8192K), 4 survivors (8192K)
 Metaspace       used 88204K, committed 88896K, reserved 1179648K
  class space    used 12077K, committed 12416K, reserved 1048576K
}
Event: 361.290 GC heap before
{Heap before GC invocations=55 (full 6):
 garbage-first heap   total 157696K, used 121095K [0x0000000705800000, 0x0000000800000000)
  region size 2048K, 40 young (81920K), 4 survivors (8192K)
 Metaspace       used 88658K, committed 89344K, reserved 1179648K
  class space    used 12120K, committed 12480K, reserved 1048576K
}
Event: 361.295 GC heap after
{Heap after GC invocations=56 (full 6):
 garbage-first heap   total 157696K, used 49838K [0x0000000705800000, 0x0000000800000000)
  region size 2048K, 2 young (4096K), 2 survivors (4096K)
 Metaspace       used 88658K, committed 89344K, reserved 1179648K
  class space    used 12120K, committed 12480K, reserved 1048576K
}
Event: 361.515 GC heap before
{Heap before GC invocations=56 (full 6):
 garbage-first heap   total 157696K, used 121518K [0x0000000705800000, 0x0000000800000000)
  region size 2048K, 37 young (75776K), 2 survivors (4096K)
 Metaspace       used 88939K, committed 89600K, reserved 1179648K
  class space    used 12136K, committed 12480K, reserved 1048576K
}
Event: 361.517 GC heap after
{Heap after GC invocations=57 (full 6):
 garbage-first heap   total 157696K, used 51177K [0x0000000705800000, 0x0000000800000000)
  region size 2048K, 3 young (6144K), 3 survivors (6144K)
 Metaspace       used 88939K, committed 89600K, reserved 1179648K
  class space    used 12136K, committed 12480K, reserved 1048576K
}
Event: 361.732 GC heap before
{Heap before GC invocations=57 (full 6):
 garbage-first heap   total 157696K, used 122857K [0x0000000705800000, 0x0000000800000000)
  region size 2048K, 38 young (77824K), 3 survivors (6144K)
 Metaspace       used 89348K, committed 89984K, reserved 1179648K
  class space    used 12158K, committed 12480K, reserved 1048576K
}
Event: 361.735 GC heap after
{Heap after GC invocations=58 (full 6):
 garbage-first heap   total 157696K, used 53129K [0x0000000705800000, 0x0000000800000000)
  region size 2048K, 4 young (8192K), 4 survivors (8192K)
 Metaspace       used 89348K, committed 89984K, reserved 1179648K
  class space    used 12158K, committed 12480K, reserved 1048576K
}
Event: 368.647 GC heap before
{Heap before GC invocations=58 (full 6):
 garbage-first heap   total 157696K, used 94089K [0x0000000705800000, 0x0000000800000000)
  region size 2048K, 25 young (51200K), 4 survivors (8192K)
 Metaspace       used 89694K, committed 90432K, reserved 1179648K
  class space    used 12183K, committed 12544K, reserved 1048576K
}
Event: 368.717 GC heap after
{Heap after GC invocations=59 (full 7):
 garbage-first heap   total 157696K, used 41945K [0x0000000705800000, 0x0000000800000000)
  region size 2048K, 0 young (0K), 0 survivors (0K)
 Metaspace       used 89671K, committed 90432K, reserved 1179648K
  class space    used 12179K, committed 12544K, reserved 1048576K
}
Event: 369.444 GC heap before
{Heap before GC invocations=59 (full 7):
 garbage-first heap   total 157696K, used 123865K [0x0000000705800000, 0x0000000800000000)
  region size 2048K, 40 young (81920K), 0 survivors (0K)
 Metaspace       used 90480K, committed 91200K, reserved 1179648K
  class space    used 12249K, committed 12608K, reserved 1048576K
}
Event: 369.447 GC heap after
{Heap after GC invocations=60 (full 7):
 garbage-first heap   total 157696K, used 48751K [0x0000000705800000, 0x0000000800000000)
  region size 2048K, 4 young (8192K), 4 survivors (8192K)
 Metaspace       used 90480K, committed 91200K, reserved 1179648K
  class space    used 12249K, committed 12608K, reserved 1048576K
}
Event: 369.845 GC heap before
{Heap before GC invocations=60 (full 7):
 garbage-first heap   total 157696K, used 122479K [0x0000000705800000, 0x0000000800000000)
  region size 2048K, 40 young (81920K), 4 survivors (8192K)
 Metaspace       used 90931K, committed 91584K, reserved 1179648K
  class space    used 12292K, committed 12608K, reserved 1048576K
}
Event: 369.847 GC heap after
{Heap after GC invocations=61 (full 7):
 garbage-first heap   total 157696K, used 51311K [0x0000000705800000, 0x0000000800000000)
  region size 2048K, 2 young (4096K), 2 survivors (4096K)
 Metaspace       used 90931K, committed 91584K, reserved 1179648K
  class space    used 12292K, committed 12608K, reserved 1048576K
}
Event: 370.021 GC heap before
{Heap before GC invocations=61 (full 7):
 garbage-first heap   total 157696K, used 122991K [0x0000000705800000, 0x0000000800000000)
  region size 2048K, 37 young (75776K), 2 survivors (4096K)
 Metaspace       used 91211K, committed 91904K, reserved 1179648K
  class space    used 12309K, committed 12672K, reserved 1048576K
}
Event: 370.023 GC heap after
{Heap after GC invocations=62 (full 7):
 garbage-first heap   total 157696K, used 52593K [0x0000000705800000, 0x0000000800000000)
  region size 2048K, 3 young (6144K), 3 survivors (6144K)
 Metaspace       used 91211K, committed 91904K, reserved 1179648K
  class space    used 12309K, committed 12672K, reserved 1048576K
}
Event: 370.222 GC heap before
{Heap before GC invocations=62 (full 7):
 garbage-first heap   total 157696K, used 124273K [0x0000000705800000, 0x0000000800000000)
  region size 2048K, 38 young (77824K), 3 survivors (6144K)
 Metaspace       used 91621K, committed 92288K, reserved 1179648K
  class space    used 12332K, committed 12672K, reserved 1048576K
}
Event: 370.225 GC heap after
{Heap after GC invocations=63 (full 7):
 garbage-first heap   total 157696K, used 54380K [0x0000000705800000, 0x0000000800000000)
  region size 2048K, 4 young (8192K), 4 survivors (8192K)
 Metaspace       used 91621K, committed 92288K, reserved 1179648K
  class space    used 12332K, committed 12672K, reserved 1048576K
}

